[0mGET / [36m304[0m 128.249 ms - -[0m
[0mGET /js/home_post_comments.js [33m404[0m 5.820 ms - 163[0m
[0mGET /js/home_Post.js [33m404[0m 7.377 ms - 154[0m
[0mGET /js/toggle_likes.js [33m404[0m 3.831 ms - 157[0m
[0mGET /js/chat_engine.js [33m404[0m 2.165 ms - 156[0m
[0mGET / [36m304[0m 22.021 ms - -[0m
[0mGET /js/toggle_likes.js [33m404[0m 4.889 ms - 157[0m
[0mGET /js/chat_engine.js [33m404[0m 7.324 ms - 156[0m
[0mGET /css/home.css [33m404[0m 16.824 ms - 151[0m
[0mGET /css/layout.css [33m404[0m 17.232 ms - 153[0m
[0mGET /css/header.css [33m404[0m 18.369 ms - 153[0m
[0mGET /css/footer.css [33m404[0m 25.611 ms - 153[0m
[0mGET /css/_chat_box.css [33m404[0m 44.344 ms - 156[0m
[0mGET /js/home_post_comments.js [33m404[0m 46.409 ms - 163[0m
[0mGET /js/home_Post.js [33m404[0m 17.375 ms - 154[0m
[0mGET / [36m304[0m 29.240 ms - -[0m
[0mGET /js/home_post_comments.js [33m404[0m 5.093 ms - 163[0m
[0mGET /css/layout.css [33m404[0m 12.984 ms - 153[0m
[0mGET /css/header.css [33m404[0m 13.534 ms - 153[0m
[0mGET /css/footer.css [33m404[0m 14.208 ms - 153[0m
[0mGET /css/home.css [33m404[0m 15.851 ms - 151[0m
[0mGET /css/_chat_box.css [33m404[0m 16.418 ms - 156[0m
[0mGET /js/toggle_likes.js [33m404[0m 4.076 ms - 157[0m
[0mGET /js/home_Post.js [33m404[0m 11.808 ms - 154[0m
[0mGET /js/chat_engine.js [33m404[0m 8.609 ms - 156[0m
[0mGET / [36m304[0m 64.880 ms - -[0m
[0mGET /js/home_post_comments.js [33m404[0m 14.336 ms - 163[0m
[0mGET /js/chat_engine.js [33m404[0m 18.166 ms - 156[0m
[0mGET /js/toggle_likes.js [33m404[0m 14.524 ms - 157[0m
[0mGET /js/home_Post.js [33m404[0m 13.864 ms - 154[0m
[0mGET / [32m200[0m 146.966 ms - 10972[0m
[0mGET /js/home_post_comments.js [33m404[0m 23.385 ms - 163[0m
[0mGET /js/toggle_likes.js [33m404[0m 6.632 ms - 157[0m
[0mGET /js/home_Post.js [33m404[0m 30.708 ms - 154[0m
[0mGET /js/chat_engine.js [33m404[0m 36.329 ms - 156[0m
[0mGET /favicon.ico [33m404[0m 8.566 ms - 150[0m
[0mGET /users/sign-in [32m200[0m 23.191 ms - 2079[0m
[0mGET /css/layout.css [33m404[0m 14.829 ms - 153[0m
[0mGET /css/footer.css [33m404[0m 17.346 ms - 153[0m
[0mGET /css/header.css [33m404[0m 13.270 ms - 153[0m
[0mPOST /users/create-session [36m302[0m 22.695 ms - 46[0m
[0mGET / [32m200[0m 61.269 ms - 16318[0m
[0mGET /css/layout.css [33m404[0m 20.348 ms - 153[0m
[0mGET /js/toggle_likes.js [33m404[0m 37.626 ms - 157[0m
[0mGET /js/home_Post.js [33m404[0m 66.125 ms - 154[0m
[0mGET /js/chat_engine.js [33m404[0m 63.552 ms - 156[0m
[0mGET /css/footer.css [33m404[0m 31.952 ms - 153[0m
[0mGET /css/header.css [33m404[0m 61.798 ms - 153[0m
[0mGET /css/home.css [33m404[0m 38.414 ms - 151[0m
[0mGET /js/home_post_comments.js [33m404[0m 42.666 ms - 163[0m
[0mGET /css/_chat_box.css [33m404[0m 33.636 ms - 156[0m
[0mGET /likes/toggle/?id=653d122e4a1fa550ea762263&type=Comment [33m404[0m 11.599 ms - 152[0m
[0mGET / [32m200[0m 43.779 ms - 15856[0m
[0mGET /css/layout.css [33m404[0m 24.317 ms - 153[0m
[0mGET /css/header.css [33m404[0m 23.219 ms - 153[0m
[0mGET /js/home_post_comments.js [33m404[0m 23.461 ms - 163[0m
[0mGET /css/footer.css [33m404[0m 54.394 ms - 153[0m
[0mGET /js/home_Post.js [33m404[0m 70.609 ms - 154[0m
[0mGET /css/home.css [33m404[0m 58.919 ms - 151[0m
[0mGET /css/_chat_box.css [33m404[0m 69.501 ms - 156[0m
[0mGET /js/chat_engine.js [33m404[0m 79.589 ms - 156[0m
[0mGET /js/toggle_likes.js [33m404[0m 80.752 ms - 157[0m
[0mGET /posts/destroy/65439f974be05e836da5bc2a [36m302[0m 40.102 ms - 88[0m
[0mGET / [32m200[0m 39.747 ms - 14898[0m
[0mGET /js/home_post_comments.js [33m404[0m 43.040 ms - 163[0m
[0mGET /css/layout.css [33m404[0m 46.754 ms - 153[0m
[0mGET /css/header.css [33m404[0m 48.915 ms - 153[0m
[0mGET /css/home.css [33m404[0m 65.373 ms - 151[0m
[0mGET /css/_chat_box.css [33m404[0m 62.883 ms - 156[0m
[0mGET /css/footer.css [33m404[0m 48.590 ms - 153[0m
[0mGET /js/toggle_likes.js [33m404[0m 29.558 ms - 157[0m
[0mGET /js/home_Post.js [33m404[0m 25.154 ms - 154[0m
[0mGET /js/chat_engine.js [33m404[0m 30.061 ms - 156[0m
[0mGET /users/profile/65200c05dbaea1ee1d8cf5dc [32m200[0m 19.511 ms - 2470[0m
[0mGET /css/layout.css [33m404[0m 35.350 ms - 153[0m
[0mGET /css/header.css [33m404[0m 30.608 ms - 153[0m
[0mGET /css/footer.css [33m404[0m 60.174 ms - 153[0m
[0mGET /users/profile [33m404[0m 5.355 ms - 152[0m
[0mGET / [32m200[0m 113.677 ms - 14416[0m
[0mGET /js/home_post_comments.js [33m404[0m 47.528 ms - 163[0m
[0mGET /js/home_Post.js [33m404[0m 20.760 ms - 154[0m
[0mGET /js/toggle_likes.js [33m404[0m 20.431 ms - 157[0m
[0mGET /js/chat_engine.js [33m404[0m 34.625 ms - 156[0m
[0mGET /likes/toggle/?id=6532749bfef38f59adbba972&type=Post [33m404[0m 5.830 ms - 152[0m
[0mGET /users/profile/65200c05dbaea1ee1d8cf5dc [32m200[0m 13.029 ms - 2469[0m
[0mGET /users/profile/css/layout.css [33m404[0m 19.010 ms - 167[0m
[0mGET /css/header.css [33m404[0m 9.677 ms - 153[0m
[0mGET /css/footer.css [33m404[0m 14.587 ms - 153[0m
[0mGET /users/profile/65201231715f0eaacdbf7227 [32m200[0m 14.141 ms - 2060[0m
[0mGET /users/profile/css/layout.css [33m404[0m 13.583 ms - 167[0m
[0mGET /css/header.css [33m404[0m 11.810 ms - 153[0m
[0mGET /css/footer.css [33m404[0m 6.968 ms - 153[0m
[0mGET /css/users_profile.css [33m404[0m 7.848 ms - 160[0m
[0mGET /users/profile [33m404[0m 6.975 ms - 152[0m
[0mGET / [36m304[0m 27.379 ms - -[0m
[0mGET /js/home_post_comments.js [33m404[0m 30.532 ms - 163[0m
[0mGET /js/home_Post.js [33m404[0m 20.338 ms - 154[0m
[0mGET /js/toggle_likes.js [33m404[0m 19.416 ms - 157[0m
[0mGET /js/chat_engine.js [33m404[0m 45.487 ms - 156[0m
[0mGET /css/header.css [33m404[0m 50.142 ms - 153[0m
[0mGET /css/footer.css [33m404[0m 56.195 ms - 153[0m
[0mGET /css/layout.css [33m404[0m 15.497 ms - 153[0m
[0mGET /css/home.css [33m404[0m 15.828 ms - 151[0m
[0mGET /css/_chat_box.css [33m404[0m 17.412 ms - 156[0m
